[www.kula.ai/index.html]
[backblue.gif]
[fade.gif]
[index.html]
[global-uploads.webflow.com/62efc7cb58ad153bfb146988/css/kula-290bcb.webflow.4a5b76d94.min.css]
[ajax.googleapis.com/ajax/libs/webfont/1.6.26/webfont.js]
[global-uploads.webflow.com/62efc7cb58ad153bfb146988/62efcbdb0e99ef67de017b8e_Frame 12.png]
[global-uploads.webflow.com/62efc7cb58ad153bfb146988/62efcbe40b52a66c04de66ce_Frame 11.png]
[www.kula.ai/blog/seed-funding.html]
[www.kula.ai/kula-outreach.html]
[www.kula.ai/story.html]
[www.kula.ai/blog.html]
[global-uploads.webflow.com/62efc7cb58ad153bfb146988/630e15a04e0ef58556370806_Logo@10x.png]
[global-uploads.webflow.com/62efc7cb58ad153bfb146988/630e163437a9cbc6e7523d54_lummo-shop-logo.png]
[global-uploads.webflow.com/62efc7cb58ad153bfb146988/6307b6cb23f817485e754ba1_Frame 23.png]
[global-uploads.webflow.com/62efc7cb58ad153bfb146988/6307b2fbfa9f10082210e8dd_im.png]
[global-uploads.webflow.com/62efc7cb58ad153bfb146988/630cbfe1db67cfefc1a55580_ot.png]
[global-uploads.webflow.com/62efc7cb58ad153bfb146988/630db209a7ad3f0c0cc274a5_follow-yp-design.png]
[global-uploads.webflow.com/62efc7cb58ad153bfb146988/630b0fb6083655ed2c004ebb_out-2.png]
[global-uploads.webflow.com/62efc7cb58ad153bfb146988/63078dd2236b92a9cbeb9f4c_cir.png]
[global-uploads.webflow.com/62efc7cb58ad153bfb146988/630db3272de75c5e8c92931f_getintro.png]
[global-uploads.webflow.com/62efc7cb58ad153bfb146988/630b18fe24bca41b5802ee37_cir-6.png]
[global-uploads.webflow.com/62efc7cb58ad153bfb146988/630784570e9cb4b078b04708_analytics.png]
[global-uploads.webflow.com/62efc7cb58ad153bfb146988/630784259c00aa8223a76393_extens.png]
[global-uploads.webflow.com/62efc7cb58ad153bfb146988/62f4d0c84efd724fa37f1557_Gfc.png]
[global-uploads.webflow.com/62efc7cb58ad153bfb146988/62f4d24d04e067049ad7f8ab_Girish.png]
[global-uploads.webflow.com/62efc7cb58ad153bfb146988/62f4d373f03a0f3bf715df54_priya-mohan.png]
[www.kula.ai/careers.html]
[d3e54v103j8qbb.cloudfront.net/js/jquery-3.5.1.min.dc5e7f18c87ce9.js]
[global-uploads.webflow.com/62efc7cb58ad153bfb146988/js/webflow.55f7add99.js]
[www.kula.ai/index.html]
[global-uploads.webflow.com/62efc7cb58ad153bfb146988/css/kula-290bcb.webflow.4a5b76d94.min.css]
[www.googletagmanager.com/gtm5445.html]
[global-uploads.webflow.com/62efcfb57ed5f41e3fd0f849/630a32083d72345293724eab_Frame 3.png]
[global-uploads.webflow.com/62efcfb57ed5f41e3fd0f849/630efe7111317d7d5804a7ad_team-4.png]
[www.kula.ai/blog/seed-funding.html]
[global-uploads.webflow.com/62efc7cb58ad153bfb146988/63076e5dd90223543fff0f24_outre.png]
[global-uploads.webflow.com/62efc7cb58ad153bfb146988/636b54dee5015083c8934bc6_Group 47295.png]
[global-uploads.webflow.com/62efc7cb58ad153bfb146988/630db9197d3a67f4ce15e7d4_neww.png]
[global-uploads.webflow.com/62efc7cb58ad153bfb146988/630b1bccc93c97bdd3add195_out.png]
[global-uploads.webflow.com/62efc7cb58ad153bfb146988/630cc2c39e118503d93aa387_report.png]
[global-uploads.webflow.com/62efc7cb58ad153bfb146988/62f9c9a8269706a166d97c5b_img-cir.png]
[www.kula.ai/kula-outreach.html]
[global-uploads.webflow.com/62efc7cb58ad153bfb146988/62f758624666f0810bac5cec_61e4095887eb450bdbc7af54_signature 1.png]
[global-uploads.webflow.com/62efcfb57ed5f41e3fd0f849/630a322de83aaafb77cb8c59_Frame 12.png]
[global-uploads.webflow.com/62efcfb57ed5f41e3fd0f849/630a32149da426174f683039_Frame 8.png]
[global-uploads.webflow.com/62efcfb57ed5f41e3fd0f849/630a330bc605381d9d3cfb96_Frame 11.png]
[global-uploads.webflow.com/62efcfb57ed5f41e3fd0f849/630a31f2b123fbe036ad8220_Frame 4.png]
[global-uploads.webflow.com/62efcfb57ed5f41e3fd0f849/630a31ff3d72341b21724e0c_Frame 1.png]
[global-uploads.webflow.com/62efcfb57ed5f41e3fd0f849/630a32359da426f74b68313c_Frame 5.png]
[global-uploads.webflow.com/62efcfb57ed5f41e3fd0f849/630a3261c93c973e81a28fa7_Frame 6.png]
[global-uploads.webflow.com/62efcfb57ed5f41e3fd0f849/630a32dac93c9748b0a29862_Frame 10.png]
[global-uploads.webflow.com/62efcfb57ed5f41e3fd0f849/630a334660f58878b1997522_Frame 9.png]
[global-uploads.webflow.com/62efcfb57ed5f41e3fd0f849/630a335dc8ed3b582d1f9c11_Frame 2.png]
[global-uploads.webflow.com/62efcfb57ed5f41e3fd0f849/630a3376083655eb76f4f5ce_Frame 7.png]
[www.kula.ai/story.html]
[www.kula.ai/blog/reach-out-to-employees-laid-off.html]
[global-uploads.webflow.com/62efcfb57ed5f41e3fd0f849/63bbef9cfb087ebdd928170c_Blog-image (1).png]
[www.kula.ai/blog/guide-to-talent-operating-system.html]
[global-uploads.webflow.com/62efcfb57ed5f41e3fd0f849/63be33b5bd2de368f57bb41e_Blog-image-2.png]
[www.kula.ai/blog/2022-the-year-of-debut-and-smash-hits.html]
[global-uploads.webflow.com/62efcfb57ed5f41e3fd0f849/63a44210f8cc9148791be193_Year-end-blog-cover.png]
[www.kula.ai/blog/make-candidates-respond-to-your-outbound-recruiting-emails-in-2023.html]
[global-uploads.webflow.com/62efcfb57ed5f41e3fd0f849/638783e8051107718a9f1e58_image-20221129-150953.png]
[www.kula.ai/blog/employee-referral-system.html]
[global-uploads.webflow.com/62efcfb57ed5f41e3fd0f849/63a42b0004383d5cd7999723_referral image.png]
[www.kula.ai/blog/saastr.html]
[global-uploads.webflow.com/62efcfb57ed5f41e3fd0f849/635fa750c8f1b2b6f0b802c9_Blog-image (2).png]
[www.kula.ai/blog/attracting-passive-candidates.html]
[global-uploads.webflow.com/62efcfb57ed5f41e3fd0f849/635d61d27b758d190cc62002_Blog-image (1).png]
[www.kula.ai/blog/kula-year-one.html]
[global-uploads.webflow.com/62efcfb57ed5f41e3fd0f849/6343d93dea3cf74a3b2f4089_Frame 5.png]
[global-uploads.webflow.com/62efcfb57ed5f41e3fd0f849/630efbddc8d2fb39fb3aa2ee_team-3.png]
[www.kula.ai/blog/soc-2-compliance.html]
[global-uploads.webflow.com/62efcfb57ed5f41e3fd0f849/630ee3c7edd15c2640efbf29_file cover - 17.png]
[www.kula.ai/blog/first-day-at-kula.html]
[global-uploads.webflow.com/62efcfb57ed5f41e3fd0f849/630c9463672d01ce8a5dfc46_21 (1).png]
[www.kula.ai/blog/idea-to-life.html]
[global-uploads.webflow.com/62efcfb57ed5f41e3fd0f849/630c93aa463af516fb86e514_indeatolife.png]
[www.kula.ai/blog/startup-hiring.html]
[global-uploads.webflow.com/62efcfb57ed5f41e3fd0f849/630dcbd5de535e61f8d9acf9_startup hiring .png]
[www.kula.ai/blog/candidate-sourcing-tips.html]
[global-uploads.webflow.com/62efcfb57ed5f41e3fd0f849/630dcbc868a00e3c2f7671fa_dean blog.png]
[www.kula.ai/blog/chroniclehq-kula-story.html]
[global-uploads.webflow.com/62efcfb57ed5f41e3fd0f849/630ef28b11317d1400040b6b_Chronicle-blog.png]
[www.kula.ai/blog/co-founding-kula.html]
[global-uploads.webflow.com/62efcfb57ed5f41e3fd0f849/630dcb4c1c19f0628c8221ce_sath-cofound.png]
[www.kula.ai/blog/what-is-a-talent-crm-a-recruiters-guide.html]
[global-uploads.webflow.com/62efcfb57ed5f41e3fd0f849/630dca6494e7b4fb9183046e_what is talent crm.png]
[global-uploads.webflow.com/62efcfb57ed5f41e3fd0f849/630c7897ded601a2c18bdbf4_fund.png]
[www.kula.ai/blog/building-talent-pools-the-what-why-how-and-hacks.html]
[global-uploads.webflow.com/62efcfb57ed5f41e3fd0f849/630dca3e22283f1067ca5870_talent pools.png]
[www.kula.ai/blog/recruitment-automation.html]
[global-uploads.webflow.com/62efcfb57ed5f41e3fd0f849/630d98be7d3a6780a81477dc_exploring and defining.png]
[www.kula.ai/blog/suman-culture-kula.html]
[global-uploads.webflow.com/62efcfb57ed5f41e3fd0f849/6343d9c75c67f85d3b7b15c5_Frame 6.png]
[global-uploads.webflow.com/62efcfb57ed5f41e3fd0f849/630d98730c22d95e253fd631_rise of talent ops.png]
[global-uploads.webflow.com/62efc7cb58ad153bfb146988/62f9cb83943e1b3e7b10cc90_Frame 48.png]
[global-uploads.webflow.com/62efc7cb58ad153bfb146988/6343dc592bdcd224213071a9_tc.png]
[global-uploads.webflow.com/62efc7cb58ad153bfb146988/62f6242a509cff0987e43409_Y-s.png]
[global-uploads.webflow.com/62efc7cb58ad153bfb146988/62f9cb7195dcdd63bc412fa7_Frame 47.png]
[global-uploads.webflow.com/62efc7cb58ad153bfb146988/6350de1d0d6feb7631ad484c_Book Cover.png]
[www.kula.ai/blog.html]
[global-uploads.webflow.com/62efc7cb58ad153bfb146988/630e188fc18b811d3bf9fd02_IMG_0767.jpg]
[global-uploads.webflow.com/62efc7cb58ad153bfb146988/630e192ca7ad3fa9e7c6aa70_IMG_7943.jpg]
[global-uploads.webflow.com/62efc7cb58ad153bfb146988/630d8b187d3a674dea1387a1_IMG_0755.jpg]
[global-uploads.webflow.com/62efc7cb58ad153bfb146988/630d8b1dc5f010427265bca3_IMG_0759 (1).jpg]
[www.kula.ai/careers.html]
[www.kula.ai/blog/reach-out-to-employees-laid-off.html]
[www.kula.ai/blog/guide-to-talent-operating-system.html]
[global-uploads.webflow.com/62efcfb57ed5f41e3fd0f849/63a43e726ccbdb0c82487847_3dcaede1-e94a-4e57-eced-5117d0ee9dc2.png]
[global-uploads.webflow.com/62efcfb57ed5f41e3fd0f849/63a43e43c756002ce06ff229_1e9c3f01-22f0-4cdb-8667-ddd916619259.jpg]
[global-uploads.webflow.com/62efcfb57ed5f41e3fd0f849/63a43ebe5b9cd710293dbfc6_3aa26db4-8625-8155-3da5-79a2f2dd3648.jpg]
[global-uploads.webflow.com/62efcfb57ed5f41e3fd0f849/63a440a9a711d831a5bbfdcf_1665657589719.gif]
[www.kula.ai/blog/2022-the-year-of-debut-and-smash-hits.html]
[global-uploads.webflow.com/62efcfb57ed5f41e3fd0f849/6384c6d84b9f1e4f31551212_Screenshot 2022-11-28 at 5.12.36 PM.png]
[global-uploads.webflow.com/62efcfb57ed5f41e3fd0f849/63a44169d004d00b8572a0a9_6GFIpyDFk4U_SNWWnF1aJX34HIhHUoJLW7gqDNKoDH8-PBzNH3J1DJ4KCxV3uwOjuN8k_txHYXu7syjwNGJUz5QN2L-EFoyZXMB-uuYCg9AW-l7ohb1ziAN2t_MEjT3I8]
[global-uploads.webflow.com/62efcfb57ed5f41e3fd0f849/6384c6e3d4aa2dae1b6105e7_Screenshot 2022-11-28 at 7.47.03 PM.png]
[www.kula.ai/blog/make-candidates-respond-to-your-outbound-recruiting-emails-in-2023.html]
[global-uploads.webflow.com/62efcfb57ed5f41e3fd0f849/63a4283e14e99c0d22d2347b_image-20221220-151953.png]
[global-uploads.webflow.com/62efcfb57ed5f41e3fd0f849/63a4292230882679f1fc208e_image-20221220-152004.png]
[global-uploads.webflow.com/62efcfb57ed5f41e3fd0f849/63a435d5308826367afd131f_Kula-design-Marketing_-Circle-Type-1 (1).2022-12-22 11_17_18.gif]
[global-uploads.webflow.com/62efcfb57ed5f41e3fd0f849/63a4382916e186be060fa518_intro-request-email.png]
[www.kula.ai/blog/employee-referral-system.html]
[global-uploads.webflow.com/62efcfb57ed5f41e3fd0f849/635d639c618e0a2f32ae9261_image (2).png]
[www.kula.ai/blog/saastr.html]
[www.kula.ai/blog/attracting-passive-candidates.html]
[global-uploads.webflow.com/62efcfb57ed5f41e3fd0f849/635d634670620b84b5ca7a3d_BVvgBdF0fo0PuwckG7aaX4A8s6lqtpBx2FqZstzOw5Cukmg7jgJtB8OKOImoGuErgMeG0tJY65GVwjgAYIxelsLV_-dl5EteAw8VFrYm81PrGQDZqTgqr7r2WzMMlAa9W]
[global-uploads.webflow.com/62efcfb57ed5f41e3fd0f849/6343c31fc245b86c1ada5ab6_achu-blog.png]
[www.kula.ai/blog/kula-year-one.html]
[www.kula.ai/blog/soc-2-compliance.html]
[www.kula.ai/blog/first-day-at-kula.html]
[global-uploads.webflow.com/62efcfb57ed5f41e3fd0f849/630c934a81ab101ac82d5c75_620b99393333fcd8ce85163b_Circle-1.png]
[global-uploads.webflow.com/62efcfb57ed5f41e3fd0f849/630c934aa0cd1433fcce1411_620b9bb663dc665460a844aa_extension.png]
[global-uploads.webflow.com/62efcfb57ed5f41e3fd0f849/630c934a5ada9ad361c68629_620b9c4700a622bf9b1f7578_vouch.png]
[www.kula.ai/blog/idea-to-life.html]
[www.kula.ai/blog/startup-hiring.html]
[global-uploads.webflow.com/62efcfb57ed5f41e3fd0f849/63bee922d4c8ece94c1ae8f1_Blog-image.png]
[global-uploads.webflow.com/62efcfb57ed5f41e3fd0f849/630c81045f2fc18ae2b90abe_62cd0ecbac3ba872c36f9f02_Frame%205.png]
[www.kula.ai/blog/candidate-sourcing-tips.html]
[www.kula.ai/blog/chroniclehq-kula-story.html]
[www.kula.ai/blog/co-founding-kula.html]
[global-uploads.webflow.com/62efcfb57ed5f41e3fd0f849/630c81048bbbed58c0be01c3_62b98d5bd6b4d41320ef7281_HnB7RcECyozEmz4FvP6ZQQieg2wRsfBZs7RlvfHMXGo9KzctgiDN66j8b1_1lWsVOzvAu64AJyx3HgcgSBEHfElgF5aHLXdMGF3WyacT]
[global-uploads.webflow.com/62efcfb57ed5f41e3fd0f849/630c7ca9cf47ce658f6fd72b_62316354426883b43459d844_recruiter%20follow%20up%20email.png]
[www.kula.ai/blog/what-is-a-talent-crm-a-recruiters-guide.html]
[www.kula.ai/blog/building-talent-pools-the-what-why-how-and-hacks.html]
[www.kula.ai/blog/recruitment-automation.html]
[global-uploads.webflow.com/62efcfb57ed5f41e3fd0f849/630ef2abc8d2fb25173a3c76_suman-blog (1).png]
[www.kula.ai/blog/suman-culture-kula.html]
[www.kula.ai/circles.html]
[www.kula.ai/resources/outbound-recruiting-playbook]
[www.kula.ai/book-demo]
[www.kula.ai/_https_/global-uploads.webflow.com/62efc7cb58ad153bfb146988/6341303c29c5340961dc9ae6_Mco-1-poster-00001.jpg_]
[www.kula.ai/_https_/global-uploads.webflow.com/62efc7cb58ad153bfb146988/63413ff244f1dc616b7148a0_Mco-poster-00001.html]
[www.kula.ai/_https_/global-uploads.webflow.com/62efc7cb58ad153bfb146988/63455a67996ba248148c4e31_add-options (3]
[www.kula.ai/_https_/global-uploads.webflow.com/62efc7cb58ad153bfb146988/634522ad8a89ddfab738c792_circle-screen-poster-00001.html]
[www.kula.ai/_https_/global-uploads.webflow.com/62efc7cb58ad153bfb146988/634559d23a74fd058882bc4c_New-file (3]
[www.kula.ai/_https_/global-uploads.webflow.com/62efc7cb58ad153bfb146988/63455a2d7f2bcd7b198691ad_New-file-[copy]-[copy] (2]
[www.kula.ai/privacy-policy]
[www.kula.ai/terms-of-use]
[www.kula.ai/cookie-policy]
[www.kula.ai/href]
[www.kula.ai/blog/kula-pre-seed-funding]
[www.kula.ai/blog/href]
[www.kula.ai/_https_/global-uploads.webflow.com/62efc7cb58ad153bfb146988/6341392d3ef0a554df36f2f4_blueprints-poster-00001.jpg_]
[www.kula.ai/_https_/global-uploads.webflow.com/62efc7cb58ad153bfb146988/63413d47da79c94bf6afc7af_Reports=putreach-poster-00001.html]
[www.kula.ai/blog/talent-operations]
[www.kula.ai/resources/outbound-recruiting-playbookdcde]
[www.kula.ai/book-demo131b]
[www.kula.ai/outreach]
